#
# There is insufficient memory for the Java Runtime Environment to continue.
# Native memory allocation (malloc) failed to allocate 772656 bytes for Chunk::new
# Possible reasons:
#   The system is out of physical RAM or swap space
#   The process is running with CompressedOops enabled, and the Java Heap may be blocking the growth of the native heap
# Possible solutions:
#   Reduce memory load on the system
#   Increase physical memory or swap space
#   Check if swap backing store is full
#   Decrease Java heap size (-Xmx/-Xms)
#   Decrease number of Java threads
#   Decrease Java thread stack sizes (-Xss)
#   Set larger code cache with -XX:ReservedCodeCacheSize=
#   JVM is running with Unscaled Compressed Oops mode in which the Java heap is
#     placed in the first 4GB address space. The Java Heap base address is the
#     maximum limit for the native heap growth. Please use -XX:HeapBaseMinAddress
#     to set the Java Heap base and to place the Java Heap above 4GB virtual address.
# This output file may be truncated or incomplete.
#
#  Out of Memory Error (arena.cpp:189), pid=2816, tid=16372
#
# JRE version: OpenJDK Runtime Environment Temurin-17.0.7+7 (17.0.7+7) (build 17.0.7+7)
# Java VM: OpenJDK 64-Bit Server VM Temurin-17.0.7+7 (17.0.7+7, mixed mode, tiered, compressed oops, compressed class ptrs, parallel gc, windows-amd64)
# No core dump will be written. Minidumps are not enabled by default on client versions of Windows
#

---------------  S U M M A R Y ------------

Command Line: --add-modules=ALL-SYSTEM --add-opens=java.base/java.util=ALL-UNNAMED --add-opens=java.base/java.lang=ALL-UNNAMED --add-opens=java.base/sun.nio.fs=ALL-UNNAMED -Declipse.application=org.eclipse.jdt.ls.core.id1 -Dosgi.bundles.defaultStartLevel=4 -Declipse.product=org.eclipse.jdt.ls.core.product -Djava.import.generatesMetadataFilesAtProjectRoot=false -Dfile.encoding=utf8 -XX:+UseParallelGC -XX:GCTimeRatio=4 -XX:AdaptiveSizePolicyWeight=90 -Dsun.zip.disableMemoryMapping=true -Xmx1G -Xms100m -Xlog:disable -javaagent:c:\Users\Eisha Fatima\.vscode\extensions\redhat.java-1.19.0-win32-x64\lombok\lombok-1.18.28.jar -XX:+HeapDumpOnOutOfMemoryError -XX:HeapDumpPath=c:\Users\Eisha Fatima\AppData\Roaming\Code\User\workspaceStorage\c617cd766fcf671e1921f65a2a12f8b1\redhat.java -Daether.dependencyCollector.impl=bf c:\Users\Eisha Fatima\.vscode\extensions\redhat.java-1.19.0-win32-x64\server\plugins\org.eclipse.equinox.launcher_1.6.400.v20210924-0641.jar -configuration c:\Users\Eisha Fatima\AppData\Roaming\Code\User\globalStorage\redhat.java\1.19.0\config_win -data c:\Users\Eisha Fatima\AppData\Roaming\Code\User\workspaceStorage\c617cd766fcf671e1921f65a2a12f8b1\redhat.java\jdt_ws

Host: Intel(R) Core(TM) i7-4510U CPU @ 2.00GHz, 4 cores, 7G,  Windows 10 , 64 bit Build 19041 (10.0.19041.2913)
Time: Tue Jun 13 12:47:16 2023 Pakistan Standard Time elapsed time: 26.040618 seconds (0d 0h 0m 26s)

---------------  T H R E A D  ---------------

Current thread (0x00000125c2177f00):  JavaThread "C2 CompilerThread0" daemon [_thread_in_native, id=16372, stack(0x0000001808500000,0x0000001808600000)]


Current CompileTask:
C2:  26040 6423       4       jdk.internal.org.objectweb.asm.Frame::execute (2318 bytes)

Stack: [0x0000001808500000,0x0000001808600000]
Native frames: (J=compiled Java code, j=interpreted, Vv=VM code, C=native code)
V  [jvm.dll+0x67754a]
V  [jvm.dll+0x834304]
V  [jvm.dll+0x835aae]
V  [jvm.dll+0x836113]
V  [jvm.dll+0x24696f]
V  [jvm.dll+0xac0ac]
V  [jvm.dll+0xac67c]
V  [jvm.dll+0x364e37]
V  [jvm.dll+0x1bcc02]
V  [jvm.dll+0x219799]
V  [jvm.dll+0x218a61]
V  [jvm.dll+0x1a4d8d]
V  [jvm.dll+0x2284da]
V  [jvm.dll+0x226615]
V  [jvm.dll+0x7ea90b]
V  [jvm.dll+0x7e4e7a]
V  [jvm.dll+0x676395]
C  [ucrtbase.dll+0x21bb2]
C  [KERNEL32.DLL+0x17614]
C  [ntdll.dll+0x526a1]


---------------  P R O C E S S  ---------------

Threads class SMR info:
_java_thread_list=0x00000125cac9d940, length=31, elements={
0x00000125ae31b0f0, 0x00000125c2140750, 0x00000125c2141df0, 0x00000125c2172280,
0x00000125c2172e00, 0x00000125c2173980, 0x00000125c2177260, 0x00000125c2177f00,
0x00000125c734cc10, 0x00000125c73538f0, 0x00000125c735e550, 0x00000125c75de700,
0x00000125c7dc62b0, 0x00000125c7e50b40, 0x00000125c7eefed0, 0x00000125c7e35120,
0x00000125c82732e0, 0x00000125c81d1bb0, 0x00000125c81d03a0, 0x00000125c81d2a20,
0x00000125c81d2080, 0x00000125c81cfed0, 0x00000125c81d0870, 0x00000125c81d1210,
0x00000125c81cf060, 0x00000125c81d2550, 0x00000125c81d16e0, 0x00000125c81d0d40,
0x00000125c938a5d0, 0x00000125c938aaa0, 0x00000125c9391480
}

Java Threads: ( => current thread )
  0x00000125ae31b0f0 JavaThread "main" [_thread_blocked, id=13664, stack(0x0000001807c00000,0x0000001807d00000)]
  0x00000125c2140750 JavaThread "Reference Handler" daemon [_thread_blocked, id=17384, stack(0x0000001807f00000,0x0000001808000000)]
  0x00000125c2141df0 JavaThread "Finalizer" daemon [_thread_blocked, id=11312, stack(0x0000001808000000,0x0000001808100000)]
  0x00000125c2172280 JavaThread "Signal Dispatcher" daemon [_thread_blocked, id=1668, stack(0x0000001808100000,0x0000001808200000)]
  0x00000125c2172e00 JavaThread "Attach Listener" daemon [_thread_blocked, id=6972, stack(0x0000001808200000,0x0000001808300000)]
  0x00000125c2173980 JavaThread "Service Thread" daemon [_thread_blocked, id=12080, stack(0x0000001808300000,0x0000001808400000)]
  0x00000125c2177260 JavaThread "Monitor Deflation Thread" daemon [_thread_blocked, id=16480, stack(0x0000001808400000,0x0000001808500000)]
=>0x00000125c2177f00 JavaThread "C2 CompilerThread0" daemon [_thread_in_native, id=16372, stack(0x0000001808500000,0x0000001808600000)]
  0x00000125c734cc10 JavaThread "C1 CompilerThread0" daemon [_thread_blocked, id=11604, stack(0x0000001808600000,0x0000001808700000)]
  0x00000125c73538f0 JavaThread "Sweeper thread" daemon [_thread_blocked, id=6672, stack(0x0000001808700000,0x0000001808800000)]
  0x00000125c735e550 JavaThread "Common-Cleaner" daemon [_thread_blocked, id=16328, stack(0x0000001808800000,0x0000001808900000)]
  0x00000125c75de700 JavaThread "Notification Thread" daemon [_thread_blocked, id=1360, stack(0x0000001808900000,0x0000001808a00000)]
  0x00000125c7dc62b0 JavaThread "Active Thread: Equinox Container: c8c3c3d2-65ae-4b96-a02d-5b8e4da227c2" [_thread_blocked, id=15720, stack(0x0000001808f00000,0x0000001809000000)]
  0x00000125c7e50b40 JavaThread "Framework Event Dispatcher: Equinox Container: c8c3c3d2-65ae-4b96-a02d-5b8e4da227c2" daemon [_thread_blocked, id=4856, stack(0x0000001809000000,0x0000001809100000)]
  0x00000125c7eefed0 JavaThread "Start Level: Equinox Container: c8c3c3d2-65ae-4b96-a02d-5b8e4da227c2" daemon [_thread_blocked, id=7972, stack(0x0000001809100000,0x0000001809200000)]
  0x00000125c7e35120 JavaThread "SCR Component Actor" daemon [_thread_blocked, id=9320, stack(0x0000001809200000,0x0000001809300000)]
  0x00000125c82732e0 JavaThread "Worker-JM" [_thread_blocked, id=14056, stack(0x0000001809300000,0x0000001809400000)]
  0x00000125c81d1bb0 JavaThread "Worker-0" [_thread_blocked, id=2780, stack(0x0000001809500000,0x0000001809600000)]
  0x00000125c81d03a0 JavaThread "Worker-1" [_thread_blocked, id=13252, stack(0x0000001809600000,0x0000001809700000)]
  0x00000125c81d2a20 JavaThread "Java indexing" daemon [_thread_blocked, id=6932, stack(0x0000001809700000,0x0000001809800000)]
  0x00000125c81d2080 JavaThread "Worker-2" [_thread_blocked, id=8648, stack(0x0000001809800000,0x0000001809900000)]
  0x00000125c81cfed0 JavaThread "Worker-3: Initialize Workspace" [_thread_blocked, id=12748, stack(0x0000001809900000,0x0000001809a00000)]
  0x00000125c81d0870 JavaThread "JNA Cleaner" daemon [_thread_blocked, id=9692, stack(0x0000001809a00000,0x0000001809b00000)]
  0x00000125c81d1210 JavaThread "pool-2-thread-1" [_thread_blocked, id=2600, stack(0x0000001809b00000,0x0000001809c00000)]
  0x00000125c81cf060 JavaThread "WorkspaceEventsHandler" [_thread_blocked, id=15072, stack(0x0000001809c00000,0x0000001809d00000)]
  0x00000125c81d2550 JavaThread "pool-1-thread-1" [_thread_in_native, id=15084, stack(0x0000001809d00000,0x0000001809e00000)]
  0x00000125c81d16e0 JavaThread "Timer-0" [_thread_blocked, id=16872, stack(0x0000001808b00000,0x0000001808c00000)]
  0x00000125c81d0d40 JavaThread "Connection worker" [_thread_in_vm, id=6036, stack(0x0000001809400000,0x0000001809500000)] _threads_hazard_ptr=0x00000125cac9d940
  0x00000125c938a5d0 JavaThread "Exec process" [_thread_blocked, id=8736, stack(0x0000001809e00000,0x0000001809f00000)]
  0x00000125c938aaa0 JavaThread "Exec process Thread 2" [_thread_blocked, id=3632, stack(0x0000001809f00000,0x000000180a000000)]
  0x00000125c9391480 JavaThread "Exec process Thread 3" [_thread_blocked, id=9644, stack(0x000000180a000000,0x000000180a100000)]

Other Threads:
  0x00000125c21259e0 VMThread "VM Thread" [stack: 0x0000001807e00000,0x0000001807f00000] [id=12972]
  0x00000125c76048a0 WatcherThread [stack: 0x0000001808a00000,0x0000001808b00000] [id=12988]
  0x00000125ae331470 GCTaskThread "GC Thread#0" [stack: 0x0000001807d00000,0x0000001807e00000] [id=2444]
  0x00000125c7d72380 GCTaskThread "GC Thread#1" [stack: 0x0000001808c00000,0x0000001808d00000] [id=8400]
  0x00000125c7c15790 GCTaskThread "GC Thread#2" [stack: 0x0000001808d00000,0x0000001808e00000] [id=320]
  0x00000125c7c15a40 GCTaskThread "GC Thread#3" [stack: 0x0000001808e00000,0x0000001808f00000] [id=13812]

Threads with active compile tasks:
C2 CompilerThread0    26084 6423       4       jdk.internal.org.objectweb.asm.Frame::execute (2318 bytes)

VM state: not at safepoint (normal execution)

VM Mutex/Monitor currently owned by a thread: None

Heap address: 0x00000000c0000000, size: 1024 MB, Compressed Oops mode: 32-bit

CDS archive(s) not mapped
Compressed class space mapped at: 0x0000000100000000-0x0000000140000000, reserved size: 1073741824
Narrow klass base: 0x0000000000000000, Narrow klass shift: 3, Narrow klass range: 0x140000000

GC Precious Log:
 CPUs: 4 total, 4 available
 Memory: 8122M
 Large Page Support: Disabled
 NUMA Support: Disabled
 Compressed Oops: Enabled (32-bit)
 Alignments: Space 512K, Generation 512K, Heap 2M
 Heap Min Capacity: 100M
 Heap Initial Capacity: 100M
 Heap Max Capacity: 1G
 Pre-touch: Disabled
 Parallel Workers: 4

Heap:
 PSYoungGen      total 13312K, used 12763K [0x00000000eab00000, 0x00000000ebd80000, 0x0000000100000000)
  eden space 12800K, 96% used [0x00000000eab00000,0x00000000eb716c50,0x00000000eb780000)
  from space 512K, 75% used [0x00000000ebd00000,0x00000000ebd60000,0x00000000ebd80000)
  to   space 1024K, 0% used [0x00000000ebb80000,0x00000000ebb80000,0x00000000ebc80000)
 ParOldGen       total 68608K, used 45478K [0x00000000c0000000, 0x00000000c4300000, 0x00000000eab00000)
  object space 68608K, 66% used [0x00000000c0000000,0x00000000c2c69b68,0x00000000c4300000)
 Metaspace       used 56566K, committed 57600K, reserved 1114112K
  class space    used 6553K, committed 7040K, reserved 1048576K

Card table byte_map: [0x00000125adcd0000,0x00000125adee0000] _byte_map_base: 0x00000125ad6d0000

Marking Bits: (ParMarkBitMap*) 0x00007ff90c7b52c0
 Begin Bits: [0x00000125bffb0000, 0x00000125c0fb0000)
 End Bits:   [0x00000125c0fb0000, 0x00000125c1fb0000)

Polling page: 0x00000125ac2c0000

Metaspace:

Usage:
  Non-class:     48.84 MB used.
      Class:      6.40 MB used.
       Both:     55.24 MB used.

Virtual space:
  Non-class space:       64.00 MB reserved,      49.38 MB ( 77%) committed,  1 nodes.
      Class space:        1.00 GB reserved,       6.88 MB ( <1%) committed,  1 nodes.
             Both:        1.06 GB reserved,      56.25 MB (  5%) committed. 

Chunk freelists:
   Non-Class:  14.41 MB
       Class:  9.10 MB
        Both:  23.51 MB

MaxMetaspaceSize: unlimited
CompressedClassSpaceSize: 1.00 GB
Initial GC threshold: 21.00 MB
Current GC threshold: 58.38 MB
CDS: off
MetaspaceReclaimPolicy: balanced
 - commit_granule_bytes: 65536.
 - commit_granule_words: 8192.
 - virtual_space_node_default_size: 8388608.
 - enlarge_chunks_in_place: 1.
 - new_chunks_are_fully_committed: 0.
 - uncommit_free_chunks: 1.
 - use_allocation_guard: 0.
 - handle_deallocations: 1.


Internal statistics:

num_allocs_failed_limit: 6.
num_arena_births: 410.
num_arena_deaths: 14.
num_vsnodes_births: 2.
num_vsnodes_deaths: 0.
num_space_committed: 900.
num_space_uncommitted: 0.
num_chunks_returned_to_freelist: 27.
num_chunks_taken_from_freelist: 2481.
num_chunk_merges: 9.
num_chunk_splits: 1609.
num_chunks_enlarged: 1035.
num_inconsistent_stats: 0.

CodeHeap 'non-profiled nmethods': size=120000Kb used=3065Kb max_used=3065Kb free=116934Kb
 bounds [0x00000125b8a80000, 0x00000125b8d80000, 0x00000125bffb0000]
CodeHeap 'profiled nmethods': size=120000Kb used=11277Kb max_used=11277Kb free=108723Kb
 bounds [0x00000125b0fb0000, 0x00000125b1ac0000, 0x00000125b84e0000]
CodeHeap 'non-nmethods': size=5760Kb used=1290Kb max_used=1339Kb free=4470Kb
 bounds [0x00000125b84e0000, 0x00000125b8750000, 0x00000125b8a80000]
 total_blobs=6243 nmethods=5626 adapters=531
 compilation: enabled
              stopped_count=0, restarted_count=0
 full_count=0

Compilation events (20 events):
Event: 25.774 Thread 0x00000125c734cc10 nmethod 6414 0x00000125b1ab2390 code [0x00000125b1ab2540, 0x00000125b1ab27e8]
Event: 25.774 Thread 0x00000125c734cc10 6415       3       java.lang.ProcessEnvironment$CheckedEntry::getValue (5 bytes)
Event: 25.774 Thread 0x00000125c734cc10 nmethod 6415 0x00000125b1ab2910 code [0x00000125b1ab2ac0, 0x00000125b1ab2de8]
Event: 25.774 Thread 0x00000125c734cc10 6416       3       java.lang.ProcessEnvironment$CheckedEntry::getValue (13 bytes)
Event: 25.775 Thread 0x00000125c734cc10 nmethod 6416 0x00000125b1ab2f10 code [0x00000125b1ab30c0, 0x00000125b1ab3368]
Event: 25.775 Thread 0x00000125c734cc10 6417       3       java.lang.ProcessEnvironment$CheckedEntry::getKey (5 bytes)
Event: 25.775 Thread 0x00000125c734cc10 nmethod 6417 0x00000125b1ab3490 code [0x00000125b1ab3640, 0x00000125b1ab3968]
Event: 25.775 Thread 0x00000125c2177f00 6418       4       java.lang.String::indexOf (113 bytes)
Event: 25.778 Thread 0x00000125c2177f00 nmethod 6418 0x00000125b8d7cd10 code [0x00000125b8d7cea0, 0x00000125b8d7d1f8]
Event: 25.778 Thread 0x00000125c2177f00 6419       4       jdk.internal.org.objectweb.asm.Frame::merge (320 bytes)
Event: 25.791 Thread 0x00000125c2177f00 nmethod 6419 0x00000125b8d7d410 code [0x00000125b8d7d5e0, 0x00000125b8d7db08]
Event: 25.796 Thread 0x00000125c734cc10 6420       3       java.lang.ProcessEnvironment$EntryComparator::compare (13 bytes)
Event: 25.796 Thread 0x00000125c734cc10 nmethod 6420 0x00000125b1ab3a90 code [0x00000125b1ab3c80, 0x00000125b1ab4388]
Event: 25.796 Thread 0x00000125c734cc10 6421       3       java.lang.ProcessEnvironment$EntryComparator::compare (25 bytes)
Event: 25.796 Thread 0x00000125c734cc10 nmethod 6421 0x00000125b1ab4590 code [0x00000125b1ab4760, 0x00000125b1ab4c08]
Event: 25.813 Thread 0x00000125c2177f00 6423       4       jdk.internal.org.objectweb.asm.Frame::execute (2318 bytes)
Event: 25.813 Thread 0x00000125c734cc10 6424       3       java.lang.invoke.DirectMethodHandle::makeAllocator (137 bytes)
Event: 25.814 Thread 0x00000125c734cc10 nmethod 6424 0x00000125b1ab4d90 code [0x00000125b1ab4fa0, 0x00000125b1ab53f8]
Event: 25.864 Thread 0x00000125c734cc10 6426       3       com.google.gson.stream.JsonWriter::peek (29 bytes)
Event: 25.865 Thread 0x00000125c734cc10 nmethod 6426 0x00000125b1ab5690 code [0x00000125b1ab5840, 0x00000125b1ab5a88]

GC Heap History (20 events):
Event: 22.281 GC heap before
{Heap before GC invocations=21 (full 2):
 PSYoungGen      total 22528K, used 22400K [0x00000000eab00000, 0x00000000ec300000, 0x0000000100000000)
  eden space 20480K, 100% used [0x00000000eab00000,0x00000000ebf00000,0x00000000ebf00000)
  from space 2048K, 93% used [0x00000000ec100000,0x00000000ec2e0000,0x00000000ec300000)
  to   space 2048K, 0% used [0x00000000ebf00000,0x00000000ebf00000,0x00000000ec100000)
 ParOldGen       total 68608K, used 24945K [0x00000000c0000000, 0x00000000c4300000, 0x00000000eab00000)
  object space 68608K, 36% used [0x00000000c0000000,0x00000000c185c7e0,0x00000000c4300000)
 Metaspace       used 49193K, committed 50112K, reserved 1114112K
  class space    used 5334K, committed 5760K, reserved 1048576K
}
Event: 22.286 GC heap after
{Heap after GC invocations=21 (full 2):
 PSYoungGen      total 22528K, used 2048K [0x00000000eab00000, 0x00000000ec800000, 0x0000000100000000)
  eden space 20480K, 0% used [0x00000000eab00000,0x00000000eab00000,0x00000000ebf00000)
  from space 2048K, 100% used [0x00000000ebf00000,0x00000000ec100000,0x00000000ec100000)
  to   space 4608K, 0% used [0x00000000ec380000,0x00000000ec380000,0x00000000ec800000)
 ParOldGen       total 68608K, used 26837K [0x00000000c0000000, 0x00000000c4300000, 0x00000000eab00000)
  object space 68608K, 39% used [0x00000000c0000000,0x00000000c1a355e8,0x00000000c4300000)
 Metaspace       used 49193K, committed 50112K, reserved 1114112K
  class space    used 5334K, committed 5760K, reserved 1048576K
}
Event: 22.351 GC heap before
{Heap before GC invocations=22 (full 2):
 PSYoungGen      total 22528K, used 22528K [0x00000000eab00000, 0x00000000ec800000, 0x0000000100000000)
  eden space 20480K, 100% used [0x00000000eab00000,0x00000000ebf00000,0x00000000ebf00000)
  from space 2048K, 100% used [0x00000000ebf00000,0x00000000ec100000,0x00000000ec100000)
  to   space 4608K, 0% used [0x00000000ec380000,0x00000000ec380000,0x00000000ec800000)
 ParOldGen       total 68608K, used 26837K [0x00000000c0000000, 0x00000000c4300000, 0x00000000eab00000)
  object space 68608K, 39% used [0x00000000c0000000,0x00000000c1a355e8,0x00000000c4300000)
 Metaspace       used 49193K, committed 50112K, reserved 1114112K
  class space    used 5334K, committed 5760K, reserved 1048576K
}
Event: 22.359 GC heap after
{Heap after GC invocations=22 (full 2):
 PSYoungGen      total 23040K, used 2208K [0x00000000eab00000, 0x00000000ec600000, 0x0000000100000000)
  eden space 20480K, 0% used [0x00000000eab00000,0x00000000eab00000,0x00000000ebf00000)
  from space 2560K, 86% used [0x00000000ec380000,0x00000000ec5a8010,0x00000000ec600000)
  to   space 3072K, 0% used [0x00000000ec000000,0x00000000ec000000,0x00000000ec300000)
 ParOldGen       total 68608K, used 28901K [0x00000000c0000000, 0x00000000c4300000, 0x00000000eab00000)
  object space 68608K, 42% used [0x00000000c0000000,0x00000000c1c395e8,0x00000000c4300000)
 Metaspace       used 49193K, committed 50112K, reserved 1114112K
  class space    used 5334K, committed 5760K, reserved 1048576K
}
Event: 22.880 GC heap before
{Heap before GC invocations=23 (full 2):
 PSYoungGen      total 23040K, used 22688K [0x00000000eab00000, 0x00000000ec600000, 0x0000000100000000)
  eden space 20480K, 100% used [0x00000000eab00000,0x00000000ebf00000,0x00000000ebf00000)
  from space 2560K, 86% used [0x00000000ec380000,0x00000000ec5a8010,0x00000000ec600000)
  to   space 3072K, 0% used [0x00000000ec000000,0x00000000ec000000,0x00000000ec300000)
 ParOldGen       total 68608K, used 28901K [0x00000000c0000000, 0x00000000c4300000, 0x00000000eab00000)
  object space 68608K, 42% used [0x00000000c0000000,0x00000000c1c395e8,0x00000000c4300000)
 Metaspace       used 49491K, committed 50432K, reserved 1114112K
  class space    used 5349K, committed 5760K, reserved 1048576K
}
Event: 22.885 GC heap after
{Heap after GC invocations=23 (full 2):
 PSYoungGen      total 22528K, used 1728K [0x00000000eab00000, 0x00000000ec400000, 0x0000000100000000)
  eden space 20480K, 0% used [0x00000000eab00000,0x00000000eab00000,0x00000000ebf00000)
  from space 2048K, 84% used [0x00000000ec000000,0x00000000ec1b0000,0x00000000ec200000)
  to   space 2048K, 0% used [0x00000000ec200000,0x00000000ec200000,0x00000000ec400000)
 ParOldGen       total 68608K, used 31067K [0x00000000c0000000, 0x00000000c4300000, 0x00000000eab00000)
  object space 68608K, 45% used [0x00000000c0000000,0x00000000c1e56e78,0x00000000c4300000)
 Metaspace       used 49491K, committed 50432K, reserved 1114112K
  class space    used 5349K, committed 5760K, reserved 1048576K
}
Event: 23.677 GC heap before
{Heap before GC invocations=24 (full 2):
 PSYoungGen      total 22528K, used 22203K [0x00000000eab00000, 0x00000000ec400000, 0x0000000100000000)
  eden space 20480K, 99% used [0x00000000eab00000,0x00000000ebefecc8,0x00000000ebf00000)
  from space 2048K, 84% used [0x00000000ec000000,0x00000000ec1b0000,0x00000000ec200000)
  to   space 2048K, 0% used [0x00000000ec200000,0x00000000ec200000,0x00000000ec400000)
 ParOldGen       total 68608K, used 31067K [0x00000000c0000000, 0x00000000c4300000, 0x00000000eab00000)
  object space 68608K, 45% used [0x00000000c0000000,0x00000000c1e56e78,0x00000000c4300000)
 Metaspace       used 50871K, committed 51840K, reserved 1114112K
  class space    used 5590K, committed 6016K, reserved 1048576K
}
Event: 23.684 GC heap after
{Heap after GC invocations=24 (full 2):
 PSYoungGen      total 14848K, used 2046K [0x00000000eab00000, 0x00000000ed400000, 0x0000000100000000)
  eden space 12800K, 0% used [0x00000000eab00000,0x00000000eab00000,0x00000000eb780000)
  from space 2048K, 99% used [0x00000000ec200000,0x00000000ec3ffab0,0x00000000ec400000)
  to   space 10752K, 0% used [0x00000000eb780000,0x00000000eb780000,0x00000000ec200000)
 ParOldGen       total 68608K, used 38278K [0x00000000c0000000, 0x00000000c4300000, 0x00000000eab00000)
  object space 68608K, 55% used [0x00000000c0000000,0x00000000c2561b28,0x00000000c4300000)
 Metaspace       used 50871K, committed 51840K, reserved 1114112K
  class space    used 5590K, committed 6016K, reserved 1048576K
}
Event: 23.927 GC heap before
{Heap before GC invocations=25 (full 2):
 PSYoungGen      total 14848K, used 14846K [0x00000000eab00000, 0x00000000ed400000, 0x0000000100000000)
  eden space 12800K, 100% used [0x00000000eab00000,0x00000000eb780000,0x00000000eb780000)
  from space 2048K, 99% used [0x00000000ec200000,0x00000000ec3ffab0,0x00000000ec400000)
  to   space 10752K, 0% used [0x00000000eb780000,0x00000000eb780000,0x00000000ec200000)
 ParOldGen       total 68608K, used 38278K [0x00000000c0000000, 0x00000000c4300000, 0x00000000eab00000)
  object space 68608K, 55% used [0x00000000c0000000,0x00000000c2561b28,0x00000000c4300000)
 Metaspace       used 52091K, committed 53056K, reserved 1114112K
  class space    used 5822K, committed 6272K, reserved 1048576K
}
Event: 23.929 GC heap after
{Heap after GC invocations=25 (full 2):
 PSYoungGen      total 13312K, used 480K [0x00000000eab00000, 0x00000000ec280000, 0x0000000100000000)
  eden space 12800K, 0% used [0x00000000eab00000,0x00000000eab00000,0x00000000eb780000)
  from space 512K, 93% used [0x00000000eb780000,0x00000000eb7f8000,0x00000000eb800000)
  to   space 4096K, 0% used [0x00000000ebe80000,0x00000000ebe80000,0x00000000ec280000)
 ParOldGen       total 68608K, used 40309K [0x00000000c0000000, 0x00000000c4300000, 0x00000000eab00000)
  object space 68608K, 58% used [0x00000000c0000000,0x00000000c275d5f8,0x00000000c4300000)
 Metaspace       used 52091K, committed 53056K, reserved 1114112K
  class space    used 5822K, committed 6272K, reserved 1048576K
}
Event: 24.260 GC heap before
{Heap before GC invocations=26 (full 2):
 PSYoungGen      total 13312K, used 13280K [0x00000000eab00000, 0x00000000ec280000, 0x0000000100000000)
  eden space 12800K, 100% used [0x00000000eab00000,0x00000000eb780000,0x00000000eb780000)
  from space 512K, 93% used [0x00000000eb780000,0x00000000eb7f8000,0x00000000eb800000)
  to   space 4096K, 0% used [0x00000000ebe80000,0x00000000ebe80000,0x00000000ec280000)
 ParOldGen       total 68608K, used 40309K [0x00000000c0000000, 0x00000000c4300000, 0x00000000eab00000)
  object space 68608K, 58% used [0x00000000c0000000,0x00000000c275d5f8,0x00000000c4300000)
 Metaspace       used 52644K, committed 53568K, reserved 1114112K
  class space    used 5892K, committed 6336K, reserved 1048576K
}
Event: 24.262 GC heap after
{Heap after GC invocations=26 (full 2):
 PSYoungGen      total 13312K, used 352K [0x00000000eab00000, 0x00000000ebf00000, 0x0000000100000000)
  eden space 12800K, 0% used [0x00000000eab00000,0x00000000eab00000,0x00000000eb780000)
  from space 512K, 68% used [0x00000000ebe80000,0x00000000ebed8000,0x00000000ebf00000)
  to   space 1024K, 0% used [0x00000000ebd00000,0x00000000ebd00000,0x00000000ebe00000)
 ParOldGen       total 68608K, used 40725K [0x00000000c0000000, 0x00000000c4300000, 0x00000000eab00000)
  object space 68608K, 59% used [0x00000000c0000000,0x00000000c27c55f8,0x00000000c4300000)
 Metaspace       used 52644K, committed 53568K, reserved 1114112K
  class space    used 5892K, committed 6336K, reserved 1048576K
}
Event: 24.489 GC heap before
{Heap before GC invocations=27 (full 2):
 PSYoungGen      total 13312K, used 13152K [0x00000000eab00000, 0x00000000ebf00000, 0x0000000100000000)
  eden space 12800K, 100% used [0x00000000eab00000,0x00000000eb780000,0x00000000eb780000)
  from space 512K, 68% used [0x00000000ebe80000,0x00000000ebed8000,0x00000000ebf00000)
  to   space 1024K, 0% used [0x00000000ebd00000,0x00000000ebd00000,0x00000000ebe00000)
 ParOldGen       total 68608K, used 40725K [0x00000000c0000000, 0x00000000c4300000, 0x00000000eab00000)
  object space 68608K, 59% used [0x00000000c0000000,0x00000000c27c55f8,0x00000000c4300000)
 Metaspace       used 52652K, committed 53568K, reserved 1114112K
  class space    used 5892K, committed 6336K, reserved 1048576K
}
Event: 24.490 GC heap after
{Heap after GC invocations=27 (full 2):
 PSYoungGen      total 13824K, used 320K [0x00000000eab00000, 0x00000000ebf00000, 0x0000000100000000)
  eden space 12800K, 0% used [0x00000000eab00000,0x00000000eab00000,0x00000000eb780000)
  from space 1024K, 31% used [0x00000000ebd00000,0x00000000ebd50000,0x00000000ebe00000)
  to   space 512K, 0% used [0x00000000ebe80000,0x00000000ebe80000,0x00000000ebf00000)
 ParOldGen       total 68608K, used 41006K [0x00000000c0000000, 0x00000000c4300000, 0x00000000eab00000)
  object space 68608K, 59% used [0x00000000c0000000,0x00000000c280b998,0x00000000c4300000)
 Metaspace       used 52652K, committed 53568K, reserved 1114112K
  class space    used 5892K, committed 6336K, reserved 1048576K
}
Event: 24.684 GC heap before
{Heap before GC invocations=28 (full 2):
 PSYoungGen      total 13824K, used 13120K [0x00000000eab00000, 0x00000000ebf00000, 0x0000000100000000)
  eden space 12800K, 100% used [0x00000000eab00000,0x00000000eb780000,0x00000000eb780000)
  from space 1024K, 31% used [0x00000000ebd00000,0x00000000ebd50000,0x00000000ebe00000)
  to   space 512K, 0% used [0x00000000ebe80000,0x00000000ebe80000,0x00000000ebf00000)
 ParOldGen       total 68608K, used 41006K [0x00000000c0000000, 0x00000000c4300000, 0x00000000eab00000)
  object space 68608K, 59% used [0x00000000c0000000,0x00000000c280b998,0x00000000c4300000)
 Metaspace       used 52712K, committed 53696K, reserved 1114112K
  class space    used 5901K, committed 6336K, reserved 1048576K
}
Event: 24.688 GC heap after
{Heap after GC invocations=28 (full 2):
 PSYoungGen      total 13312K, used 490K [0x00000000eab00000, 0x00000000ec180000, 0x0000000100000000)
  eden space 12800K, 0% used [0x00000000eab00000,0x00000000eab00000,0x00000000eb780000)
  from space 512K, 95% used [0x00000000ebe80000,0x00000000ebefab50,0x00000000ebf00000)
  to   space 5120K, 0% used [0x00000000eb780000,0x00000000eb780000,0x00000000ebc80000)
 ParOldGen       total 68608K, used 44507K [0x00000000c0000000, 0x00000000c4300000, 0x00000000eab00000)
  object space 68608K, 64% used [0x00000000c0000000,0x00000000c2b76f48,0x00000000c4300000)
 Metaspace       used 52712K, committed 53696K, reserved 1114112K
  class space    used 5901K, committed 6336K, reserved 1048576K
}
Event: 25.009 GC heap before
{Heap before GC invocations=29 (full 2):
 PSYoungGen      total 13312K, used 13290K [0x00000000eab00000, 0x00000000ec180000, 0x0000000100000000)
  eden space 12800K, 100% used [0x00000000eab00000,0x00000000eb780000,0x00000000eb780000)
  from space 512K, 95% used [0x00000000ebe80000,0x00000000ebefab50,0x00000000ebf00000)
  to   space 5120K, 0% used [0x00000000eb780000,0x00000000eb780000,0x00000000ebc80000)
 ParOldGen       total 68608K, used 44507K [0x00000000c0000000, 0x00000000c4300000, 0x00000000eab00000)
  object space 68608K, 64% used [0x00000000c0000000,0x00000000c2b76f48,0x00000000c4300000)
 Metaspace       used 53638K, committed 54592K, reserved 1114112K
  class space    used 6096K, committed 6528K, reserved 1048576K
}
Event: 25.012 GC heap after
{Heap after GC invocations=29 (full 2):
 PSYoungGen      total 17920K, used 544K [0x00000000eab00000, 0x00000000ebf00000, 0x0000000100000000)
  eden space 12800K, 0% used [0x00000000eab00000,0x00000000eab00000,0x00000000eb780000)
  from space 5120K, 10% used [0x00000000eb780000,0x00000000eb808020,0x00000000ebc80000)
  to   space 2048K, 0% used [0x00000000ebd00000,0x00000000ebd00000,0x00000000ebf00000)
 ParOldGen       total 68608K, used 44998K [0x00000000c0000000, 0x00000000c4300000, 0x00000000eab00000)
  object space 68608K, 65% used [0x00000000c0000000,0x00000000c2bf1b08,0x00000000c4300000)
 Metaspace       used 53638K, committed 54592K, reserved 1114112K
  class space    used 6096K, committed 6528K, reserved 1048576K
}
Event: 25.393 GC heap before
{Heap before GC invocations=30 (full 2):
 PSYoungGen      total 17920K, used 13344K [0x00000000eab00000, 0x00000000ebf00000, 0x0000000100000000)
  eden space 12800K, 100% used [0x00000000eab00000,0x00000000eb780000,0x00000000eb780000)
  from space 5120K, 10% used [0x00000000eb780000,0x00000000eb808020,0x00000000ebc80000)
  to   space 2048K, 0% used [0x00000000ebd00000,0x00000000ebd00000,0x00000000ebf00000)
 ParOldGen       total 68608K, used 44998K [0x00000000c0000000, 0x00000000c4300000, 0x00000000eab00000)
  object space 68608K, 65% used [0x00000000c0000000,0x00000000c2bf1b08,0x00000000c4300000)
 Metaspace       used 55085K, committed 56128K, reserved 1114112K
  class space    used 6347K, committed 6848K, reserved 1048576K
}
Event: 25.396 GC heap after
{Heap after GC invocations=30 (full 2):
 PSYoungGen      total 13312K, used 384K [0x00000000eab00000, 0x00000000ebd80000, 0x0000000100000000)
  eden space 12800K, 0% used [0x00000000eab00000,0x00000000eab00000,0x00000000eb780000)
  from space 512K, 75% used [0x00000000ebd00000,0x00000000ebd60000,0x00000000ebd80000)
  to   space 1024K, 0% used [0x00000000ebb80000,0x00000000ebb80000,0x00000000ebc80000)
 ParOldGen       total 68608K, used 45478K [0x00000000c0000000, 0x00000000c4300000, 0x00000000eab00000)
  object space 68608K, 66% used [0x00000000c0000000,0x00000000c2c69b68,0x00000000c4300000)
 Metaspace       used 55085K, committed 56128K, reserved 1114112K
  class space    used 6347K, committed 6848K, reserved 1048576K
}

Dll operation events (13 events):
Event: 0.011 Loaded shared library c:\Users\Eisha Fatima\.vscode\extensions\redhat.java-1.19.0-win32-x64\jre\17.0.7-win32-x86_64\bin\java.dll
Event: 0.440 Loaded shared library c:\Users\Eisha Fatima\.vscode\extensions\redhat.java-1.19.0-win32-x64\jre\17.0.7-win32-x86_64\bin\zip.dll
Event: 0.444 Loaded shared library C:\Users\Eisha Fatima\.vscode\extensions\redhat.java-1.19.0-win32-x64\jre\17.0.7-win32-x86_64\bin\instrument.dll
Event: 0.471 Loaded shared library C:\Users\Eisha Fatima\.vscode\extensions\redhat.java-1.19.0-win32-x64\jre\17.0.7-win32-x86_64\bin\net.dll
Event: 0.476 Loaded shared library C:\Users\Eisha Fatima\.vscode\extensions\redhat.java-1.19.0-win32-x64\jre\17.0.7-win32-x86_64\bin\nio.dll
Event: 0.491 Loaded shared library C:\Users\Eisha Fatima\.vscode\extensions\redhat.java-1.19.0-win32-x64\jre\17.0.7-win32-x86_64\bin\zip.dll
Event: 0.529 Loaded shared library C:\Users\Eisha Fatima\.vscode\extensions\redhat.java-1.19.0-win32-x64\jre\17.0.7-win32-x86_64\bin\jimage.dll
Event: 0.627 Loaded shared library c:\Users\Eisha Fatima\.vscode\extensions\redhat.java-1.19.0-win32-x64\jre\17.0.7-win32-x86_64\bin\verify.dll
Event: 2.612 Loaded shared library C:\Users\Eisha Fatima\AppData\Roaming\Code\User\globalStorage\redhat.java\1.19.0\config_win\org.eclipse.equinox.launcher\org.eclipse.equinox.launcher.win32.win32.x86_64_1.2.700.v20221108-1024\eclipse_11801.dll
Event: 6.202 Loaded shared library C:\Users\Eisha Fatima\AppData\Local\Temp\jna--1819038756\jna2842485846350028491.dll
Event: 23.855 Loaded shared library C:\Users\Eisha Fatima\.gradle\native\e1d6ef7f7dcc3fd88c89a11ec53ec762bb8ba0a96d01ffa2cd45eb1d1d8dd5c5\windows-amd64\native-platform.dll
Event: 25.170 Loaded shared library C:\Users\Eisha Fatima\.vscode\extensions\redhat.java-1.19.0-win32-x64\jre\17.0.7-win32-x86_64\bin\management.dll
Event: 25.177 Loaded shared library C:\Users\Eisha Fatima\.vscode\extensions\redhat.java-1.19.0-win32-x64\jre\17.0.7-win32-x86_64\bin\management_ext.dll

Deoptimization events (20 events):
Event: 25.414 Thread 0x00000125c81d0d40 Uncommon trap: trap_request=0xffffffde fr.pc=0x00000125b8d58cd4 relative=0x00000000000000b4
Event: 25.414 Thread 0x00000125c81d0d40 Uncommon trap: reason=class_check action=maybe_recompile pc=0x00000125b8d58cd4 method=java.util.AbstractList$Itr.next()Ljava/lang/Object; @ 14 c2
Event: 25.414 Thread 0x00000125c81d0d40 DEOPT PACKING pc=0x00000125b8d58cd4 sp=0x00000018094feee0
Event: 25.414 Thread 0x00000125c81d0d40 DEOPT UNPACKING pc=0x00000125b85366a3 sp=0x00000018094fee78 mode 2
Event: 25.414 Thread 0x00000125c81d0d40 Uncommon trap: trap_request=0xffffffde fr.pc=0x00000125b8d58274 relative=0x0000000000000074
Event: 25.414 Thread 0x00000125c81d0d40 Uncommon trap: reason=class_check action=maybe_recompile pc=0x00000125b8d58274 method=java.util.AbstractList$Itr.hasNext()Z @ 8 c2
Event: 25.414 Thread 0x00000125c81d0d40 DEOPT PACKING pc=0x00000125b8d58274 sp=0x00000018094feef0
Event: 25.414 Thread 0x00000125c81d0d40 DEOPT UNPACKING pc=0x00000125b85366a3 sp=0x00000018094fee88 mode 2
Event: 25.414 Thread 0x00000125c81d0d40 Uncommon trap: trap_request=0xffffffde fr.pc=0x00000125b8d58cd4 relative=0x00000000000000b4
Event: 25.414 Thread 0x00000125c81d0d40 Uncommon trap: reason=class_check action=maybe_recompile pc=0x00000125b8d58cd4 method=java.util.AbstractList$Itr.next()Ljava/lang/Object; @ 14 c2
Event: 25.414 Thread 0x00000125c81d0d40 DEOPT PACKING pc=0x00000125b8d58cd4 sp=0x00000018094feee0
Event: 25.414 Thread 0x00000125c81d0d40 DEOPT UNPACKING pc=0x00000125b85366a3 sp=0x00000018094fee78 mode 2
Event: 25.631 Thread 0x00000125c81d0d40 Uncommon trap: trap_request=0xffffffc6 fr.pc=0x00000125b8bdf484 relative=0x0000000000000864
Event: 25.631 Thread 0x00000125c81d0d40 Uncommon trap: reason=bimorphic_or_optimized_type_check action=maybe_recompile pc=0x00000125b8bdf484 method=java.util.regex.Pattern$CharPropertyGreedy.match(Ljava/util/regex/Matcher;ILjava/lang/CharSequence;)Z @ 64 c2
Event: 25.631 Thread 0x00000125c81d0d40 DEOPT PACKING pc=0x00000125b8bdf484 sp=0x00000018094fea50
Event: 25.631 Thread 0x00000125c81d0d40 DEOPT UNPACKING pc=0x00000125b85366a3 sp=0x00000018094fe9e0 mode 2
Event: 25.640 Thread 0x00000125c81d0d40 Uncommon trap: trap_request=0xffffff45 fr.pc=0x00000125b8d3e17c relative=0x00000000000009fc
Event: 25.640 Thread 0x00000125c81d0d40 Uncommon trap: reason=unstable_if action=reinterpret pc=0x00000125b8d3e17c method=java.io.WinNTFileSystem.resolve(Ljava/lang/String;Ljava/lang/String;)Ljava/lang/String; @ 19 c2
Event: 25.640 Thread 0x00000125c81d0d40 DEOPT PACKING pc=0x00000125b8d3e17c sp=0x00000018094fe760
Event: 25.640 Thread 0x00000125c81d0d40 DEOPT UNPACKING pc=0x00000125b85366a3 sp=0x00000018094fe6d8 mode 2

Classes unloaded (7 events):
Event: 4.142 Thread 0x00000125c21259e0 Unloading class 0x0000000100216800 'java/lang/invoke/LambdaForm$MH+0x0000000100216800'
Event: 4.143 Thread 0x00000125c21259e0 Unloading class 0x0000000100216400 'java/lang/invoke/LambdaForm$MH+0x0000000100216400'
Event: 4.143 Thread 0x00000125c21259e0 Unloading class 0x0000000100216000 'java/lang/invoke/LambdaForm$MH+0x0000000100216000'
Event: 4.143 Thread 0x00000125c21259e0 Unloading class 0x0000000100215c00 'java/lang/invoke/LambdaForm$MH+0x0000000100215c00'
Event: 4.143 Thread 0x00000125c21259e0 Unloading class 0x0000000100215400 'java/lang/invoke/LambdaForm$BMH+0x0000000100215400'
Event: 4.143 Thread 0x00000125c21259e0 Unloading class 0x0000000100215000 'java/lang/invoke/LambdaForm$DMH+0x0000000100215000'
Event: 4.143 Thread 0x00000125c21259e0 Unloading class 0x0000000100212400 'java/lang/invoke/LambdaForm$DMH+0x0000000100212400'

Classes redefined (0 events):
No events

Internal exceptions (20 events):
Event: 22.478 Thread 0x00000125c81cfed0 Exception <a 'sun/nio/fs/WindowsException'{0x00000000eb578530}> (0x00000000eb578530) 
thrown [s\src\hotspot\share\prims\jni.cpp, line 516]
Event: 22.478 Thread 0x00000125c81cfed0 Exception <a 'sun/nio/fs/WindowsException'{0x00000000eb578c30}> (0x00000000eb578c30) 
thrown [s\src\hotspot\share\prims\jni.cpp, line 516]
Event: 22.479 Thread 0x00000125c81cfed0 Exception <a 'sun/nio/fs/WindowsException'{0x00000000eb57d3a0}> (0x00000000eb57d3a0) 
thrown [s\src\hotspot\share\prims\jni.cpp, line 516]
Event: 22.479 Thread 0x00000125c81cfed0 Exception <a 'sun/nio/fs/WindowsException'{0x00000000eb57d980}> (0x00000000eb57d980) 
thrown [s\src\hotspot\share\prims\jni.cpp, line 516]
Event: 22.479 Thread 0x00000125c81cfed0 Exception <a 'sun/nio/fs/WindowsException'{0x00000000eb57df70}> (0x00000000eb57df70) 
thrown [s\src\hotspot\share\prims\jni.cpp, line 516]
Event: 22.479 Thread 0x00000125c81cfed0 Exception <a 'sun/nio/fs/WindowsException'{0x00000000eb57e570}> (0x00000000eb57e570) 
thrown [s\src\hotspot\share\prims\jni.cpp, line 516]
Event: 22.846 Thread 0x00000125c81cfed0 Exception <a 'sun/nio/fs/WindowsException'{0x00000000ebee5f18}> (0x00000000ebee5f18) 
thrown [s\src\hotspot\share\prims\jni.cpp, line 516]
Event: 22.846 Thread 0x00000125c81cfed0 Exception <a 'sun/nio/fs/WindowsException'{0x00000000ebee64e0}> (0x00000000ebee64e0) 
thrown [s\src\hotspot\share\prims\jni.cpp, line 516]
Event: 22.847 Thread 0x00000125c81cfed0 Exception <a 'sun/nio/fs/WindowsException'{0x00000000ebee6aa8}> (0x00000000ebee6aa8) 
thrown [s\src\hotspot\share\prims\jni.cpp, line 516]
Event: 22.847 Thread 0x00000125c81cfed0 Exception <a 'sun/nio/fs/WindowsException'{0x00000000ebee7088}> (0x00000000ebee7088) 
thrown [s\src\hotspot\share\prims\jni.cpp, line 516]
Event: 23.302 Thread 0x00000125c81cfed0 Exception <a 'java/lang/NoSuchMethodError'{0x00000000eab4ff20}: 'java.lang.Object java.lang.invoke.DirectMethodHandle$Holder.newInvokeSpecial(java.lang.Object, java.lang.Object, java.lang.Object, int)'> (0x00000000eab4ff20) 
thrown [s\src\hotspot\share\interpreter\linkResolver.cpp, line 759]
Event: 23.303 Thread 0x00000125c81cfed0 Exception <a 'java/lang/NoSuchMethodError'{0x00000000eab53d80}: 'java.lang.Object java.lang.invoke.DirectMethodHandle$Holder.invokeSpecial(java.lang.Object, java.lang.Object, java.lang.Object, java.lang.Object, int)'> (0x00000000eab53d80) 
thrown [s\src\hotspot\share\interpreter\linkResolver.cpp, line 759]
Event: 23.303 Thread 0x00000125c81cfed0 Exception <a 'java/lang/NoSuchMethodError'{0x00000000eab571e0}: 'java.lang.Object java.lang.invoke.Invokers$Holder.linkToTargetMethod(java.lang.Object, java.lang.Object, int, java.lang.Object)'> (0x00000000eab571e0) 
thrown [s\src\hotspot\share\interpreter\linkResolver.cpp, line 759]
Event: 23.445 Thread 0x00000125c81d0d40 Implicit null exception at 0x00000125b8ca2499 to 0x00000125b8ca2760
Event: 23.831 Thread 0x00000125c81d0d40 Exception <a 'java/lang/NoSuchMethodError'{0x00000000eb20b6a8}: 'java.lang.Object java.lang.invoke.DirectMethodHandle$Holder.invokeVirtual(java.lang.Object, java.lang.Object, java.lang.Object, java.lang.Object, java.lang.Object, java.lang.Object, java.lang.Object)'> (0x00000000eb20b6a8) 
thrown [s\src\hotspot\share\interpreter\linkResolver.cpp, line 759]
Event: 23.833 Thread 0x00000125c81d0d40 Exception <a 'java/lang/NoSuchMethodError'{0x00000000eb2248f0}: 'java.lang.Object java.lang.invoke.Invokers$Holder.invoker(java.lang.Object, java.lang.Object, java.lang.Object)'> (0x00000000eb2248f0) 
thrown [s\src\hotspot\share\interpreter\linkResolver.cpp, line 759]
Event: 25.066 Thread 0x00000125c81d0d40 Exception <a 'java/lang/NoSuchMethodError'{0x00000000ead19a50}: 'java.lang.Object java.lang.invoke.DirectMethodHandle$Holder.invokeInterface(java.lang.Object, java.lang.Object, java.lang.Object)'> (0x00000000ead19a50) 
thrown [s\src\hotspot\share\interpreter\linkResolver.cpp, line 759]
Event: 25.229 Thread 0x00000125c81d0d40 Exception <a 'java/lang/NoClassDefFoundError'{0x00000000eb24ee68}: org/slf4j/impl/StaticMarkerBinder> (0x00000000eb24ee68) 
thrown [s\src\hotspot\share\classfile\systemDictionary.cpp, line 245]
Event: 25.813 Thread 0x00000125c938a5d0 Exception <a 'java/lang/NoSuchMethodError'{0x00000000eb59ddc0}: 'void java.lang.invoke.DirectMethodHandle$Holder.invokeStatic(java.lang.Object, long)'> (0x00000000eb59ddc0) 
thrown [s\src\hotspot\share\interpreter\linkResolver.cpp, line 759]
Event: 25.813 Thread 0x00000125c938a5d0 Exception <a 'java/lang/NoSuchMethodError'{0x00000000eb5a3168}: 'java.lang.Object java.lang.invoke.DirectMethodHandle$Holder.newInvokeSpecial(java.lang.Object, long)'> (0x00000000eb5a3168) 
thrown [s\src\hotspot\share\interpreter\linkResolver.cpp, line 759]

VM Operations (20 events):
Event: 23.927 Executing VM operation: ParallelGCFailedAllocation
Event: 23.929 Executing VM operation: ParallelGCFailedAllocation done
Event: 24.260 Executing VM operation: ParallelGCFailedAllocation
Event: 24.262 Executing VM operation: ParallelGCFailedAllocation done
Event: 24.489 Executing VM operation: ParallelGCFailedAllocation
Event: 24.490 Executing VM operation: ParallelGCFailedAllocation done
Event: 24.613 Executing VM operation: HandshakeAllThreads
Event: 24.614 Executing VM operation: HandshakeAllThreads done
Event: 24.684 Executing VM operation: ParallelGCFailedAllocation
Event: 24.688 Executing VM operation: ParallelGCFailedAllocation done
Event: 24.898 Executing VM operation: HandshakeAllThreads
Event: 24.898 Executing VM operation: HandshakeAllThreads done
Event: 25.009 Executing VM operation: ParallelGCFailedAllocation
Event: 25.012 Executing VM operation: ParallelGCFailedAllocation done
Event: 25.192 Executing VM operation: HandshakeAllThreads
Event: 25.192 Executing VM operation: HandshakeAllThreads done
Event: 25.393 Executing VM operation: ParallelGCFailedAllocation
Event: 25.396 Executing VM operation: ParallelGCFailedAllocation done
Event: 25.815 Executing VM operation: HandshakeAllThreads
Event: 25.815 Executing VM operation: HandshakeAllThreads done

Events (20 events):
Event: 25.311 loading class java/io/StreamCorruptedException done
Event: 25.313 loading class java/util/concurrent/ConcurrentSkipListMap$EntrySet
Event: 25.314 loading class java/util/concurrent/ConcurrentSkipListMap$EntrySet done
Event: 25.314 loading class java/util/concurrent/ConcurrentSkipListMap$EntryIterator
Event: 25.314 loading class java/util/concurrent/ConcurrentSkipListMap$Iter
Event: 25.314 loading class java/util/concurrent/ConcurrentSkipListMap$Iter done
Event: 25.314 loading class java/util/concurrent/ConcurrentSkipListMap$EntryIterator done
Event: 25.781 Thread 0x00000125c938a5d0 Thread added: 0x00000125c938a5d0
Event: 25.792 loading class java/lang/ProcessBuilder
Event: 25.793 loading class java/lang/ProcessBuilder done
Event: 25.795 loading class java/lang/ProcessImpl
Event: 25.795 loading class java/lang/ProcessImpl done
Event: 25.814 loading class java/lang/ProcessImpl$2
Event: 25.814 loading class java/lang/ProcessImpl$2 done
Event: 25.814 loading class java/lang/Process$PipeInputStream
Event: 25.814 loading class java/lang/Process$PipeInputStream done
Event: 25.815 loading class jdk/internal/event/ProcessStartEvent
Event: 25.815 loading class jdk/internal/event/ProcessStartEvent done
Event: 25.822 Thread 0x00000125c938aaa0 Thread added: 0x00000125c938aaa0
Event: 25.822 Thread 0x00000125c9391480 Thread added: 0x00000125c9391480


Dynamic libraries:
0x00007ff60f930000 - 0x00007ff60f93e000 	c:\Users\Eisha Fatima\.vscode\extensions\redhat.java-1.19.0-win32-x64\jre\17.0.7-win32-x86_64\bin\java.exe
0x00007ff978310000 - 0x00007ff978508000 	C:\Windows\SYSTEM32\ntdll.dll
0x00007ff977ba0000 - 0x00007ff977c5f000 	C:\Windows\System32\KERNEL32.DLL
0x00007ff975c80000 - 0x00007ff975f76000 	C:\Windows\System32\KERNELBASE.dll
0x00007ff975a60000 - 0x00007ff975b60000 	C:\Windows\System32\ucrtbase.dll
0x00007ff96d330000 - 0x00007ff96d347000 	c:\Users\Eisha Fatima\.vscode\extensions\redhat.java-1.19.0-win32-x64\jre\17.0.7-win32-x86_64\bin\jli.dll
0x00007ff9780d0000 - 0x00007ff97826d000 	C:\Windows\System32\USER32.dll
0x00007ff976340000 - 0x00007ff976362000 	C:\Windows\System32\win32u.dll
0x00007ff977640000 - 0x00007ff97766c000 	C:\Windows\System32\GDI32.dll
0x00007ff975b60000 - 0x00007ff975c75000 	C:\Windows\System32\gdi32full.dll
0x00007ff976110000 - 0x00007ff9761ad000 	C:\Windows\System32\msvcp_win.dll
0x00007ff969ea0000 - 0x00007ff969eb9000 	c:\Users\Eisha Fatima\.vscode\extensions\redhat.java-1.19.0-win32-x64\jre\17.0.7-win32-x86_64\bin\VCRUNTIME140.dll
0x00007ff962b80000 - 0x00007ff962e1a000 	C:\Windows\WinSxS\amd64_microsoft.windows.common-controls_6595b64144ccf1df_6.0.19041.1110_none_60b5254171f9507e\COMCTL32.dll
0x00007ff9778c0000 - 0x00007ff97795e000 	C:\Windows\System32\msvcrt.dll
0x00007ff977a30000 - 0x00007ff977a60000 	C:\Windows\System32\IMM32.DLL
0x00007ff970000000 - 0x00007ff97000c000 	c:\Users\Eisha Fatima\.vscode\extensions\redhat.java-1.19.0-win32-x64\jre\17.0.7-win32-x86_64\bin\vcruntime140_1.dll
0x00007ff95b0b0000 - 0x00007ff95b141000 	c:\Users\Eisha Fatima\.vscode\extensions\redhat.java-1.19.0-win32-x64\jre\17.0.7-win32-x86_64\bin\msvcp140.dll
0x00007ff90bc30000 - 0x00007ff90c878000 	c:\Users\Eisha Fatima\.vscode\extensions\redhat.java-1.19.0-win32-x64\jre\17.0.7-win32-x86_64\bin\server\jvm.dll
0x00007ff976f40000 - 0x00007ff976fef000 	C:\Windows\System32\ADVAPI32.dll
0x00007ff977670000 - 0x00007ff97770c000 	C:\Windows\System32\sechost.dll
0x00007ff976ac0000 - 0x00007ff976be6000 	C:\Windows\System32\RPCRT4.dll
0x00007ff95aff0000 - 0x00007ff95aff9000 	C:\Windows\SYSTEM32\WSOCK32.dll
0x00007ff977b30000 - 0x00007ff977b9b000 	C:\Windows\System32\WS2_32.dll
0x00007ff962e20000 - 0x00007ff962e47000 	C:\Windows\SYSTEM32\WINMM.dll
0x00007ff96c190000 - 0x00007ff96c19a000 	C:\Windows\SYSTEM32\VERSION.dll
0x00007ff974230000 - 0x00007ff974242000 	C:\Windows\SYSTEM32\kernel.appcore.dll
0x00007ff96fc00000 - 0x00007ff96fc0a000 	c:\Users\Eisha Fatima\.vscode\extensions\redhat.java-1.19.0-win32-x64\jre\17.0.7-win32-x86_64\bin\jimage.dll
0x00007ff95ff80000 - 0x00007ff960164000 	C:\Windows\SYSTEM32\DBGHELP.DLL
0x00007ff95f980000 - 0x00007ff95f9b4000 	C:\Windows\SYSTEM32\dbgcore.DLL
0x00007ff9762b0000 - 0x00007ff976332000 	C:\Windows\System32\bcryptPrimitives.dll
0x00007ff96ee60000 - 0x00007ff96ee6e000 	c:\Users\Eisha Fatima\.vscode\extensions\redhat.java-1.19.0-win32-x64\jre\17.0.7-win32-x86_64\bin\instrument.dll
0x00007ff95e130000 - 0x00007ff95e155000 	c:\Users\Eisha Fatima\.vscode\extensions\redhat.java-1.19.0-win32-x64\jre\17.0.7-win32-x86_64\bin\java.dll
0x00007ff969e80000 - 0x00007ff969e98000 	c:\Users\Eisha Fatima\.vscode\extensions\redhat.java-1.19.0-win32-x64\jre\17.0.7-win32-x86_64\bin\zip.dll
0x00007ff976370000 - 0x00007ff976ab4000 	C:\Windows\System32\SHELL32.dll
0x00007ff973a90000 - 0x00007ff974223000 	C:\Windows\SYSTEM32\windows.storage.dll
0x00007ff977110000 - 0x00007ff977464000 	C:\Windows\System32\combase.dll
0x00007ff975450000 - 0x00007ff97547e000 	C:\Windows\SYSTEM32\Wldp.dll
0x00007ff977a80000 - 0x00007ff977b2d000 	C:\Windows\System32\SHCORE.dll
0x00007ff977090000 - 0x00007ff9770e5000 	C:\Windows\System32\shlwapi.dll
0x00007ff975930000 - 0x00007ff97594f000 	C:\Windows\SYSTEM32\profapi.dll
0x00007ff960e60000 - 0x00007ff960e79000 	C:\Users\Eisha Fatima\.vscode\extensions\redhat.java-1.19.0-win32-x64\jre\17.0.7-win32-x86_64\bin\net.dll
0x00007ff967dc0000 - 0x00007ff967eca000 	C:\Windows\SYSTEM32\WINHTTP.dll
0x00007ff9751b0000 - 0x00007ff97521a000 	C:\Windows\system32\mswsock.dll
0x00007ff95e110000 - 0x00007ff95e125000 	C:\Users\Eisha Fatima\.vscode\extensions\redhat.java-1.19.0-win32-x64\jre\17.0.7-win32-x86_64\bin\nio.dll
0x00007ff96de90000 - 0x00007ff96dea0000 	c:\Users\Eisha Fatima\.vscode\extensions\redhat.java-1.19.0-win32-x64\jre\17.0.7-win32-x86_64\bin\verify.dll
0x00007ff95b070000 - 0x00007ff95b0ae000 	C:\Users\Eisha Fatima\AppData\Roaming\Code\User\globalStorage\redhat.java\1.19.0\config_win\org.eclipse.equinox.launcher\org.eclipse.equinox.launcher.win32.win32.x86_64_1.2.700.v20221108-1024\eclipse_11801.dll
0x00007ff976cd0000 - 0x00007ff976dfa000 	C:\Windows\System32\ole32.dll
0x00007ff9753b0000 - 0x00007ff9753c8000 	C:\Windows\SYSTEM32\CRYPTSP.dll
0x00007ff974a60000 - 0x00007ff974a94000 	C:\Windows\system32\rsaenh.dll
0x00007ff9760e0000 - 0x00007ff976107000 	C:\Windows\System32\bcrypt.dll
0x00007ff9758f0000 - 0x00007ff97591e000 	C:\Windows\SYSTEM32\USERENV.dll
0x00007ff9753a0000 - 0x00007ff9753ac000 	C:\Windows\SYSTEM32\CRYPTBASE.dll
0x00007ff974e50000 - 0x00007ff974e8c000 	C:\Windows\SYSTEM32\IPHLPAPI.DLL
0x00007ff977a70000 - 0x00007ff977a78000 	C:\Windows\System32\NSI.dll
0x00007ff969bf0000 - 0x00007ff969c07000 	C:\Windows\SYSTEM32\dhcpcsvc6.DLL
0x00007ff96bf90000 - 0x00007ff96bfad000 	C:\Windows\SYSTEM32\dhcpcsvc.DLL
0x00007ff974ea0000 - 0x00007ff974f6b000 	C:\Windows\SYSTEM32\DNSAPI.dll
0x00007ff956d00000 - 0x00007ff956d45000 	C:\Users\Eisha Fatima\AppData\Local\Temp\jna--1819038756\jna2842485846350028491.dll
0x00007ff977a60000 - 0x00007ff977a68000 	C:\Windows\System32\PSAPI.DLL
0x00007ff958f00000 - 0x00007ff958f27000 	C:\Users\Eisha Fatima\.gradle\native\e1d6ef7f7dcc3fd88c89a11ec53ec762bb8ba0a96d01ffa2cd45eb1d1d8dd5c5\windows-amd64\native-platform.dll
0x00007ff970860000 - 0x00007ff970869000 	C:\Users\Eisha Fatima\.vscode\extensions\redhat.java-1.19.0-win32-x64\jre\17.0.7-win32-x86_64\bin\management.dll
0x00007ff970850000 - 0x00007ff97085b000 	C:\Users\Eisha Fatima\.vscode\extensions\redhat.java-1.19.0-win32-x64\jre\17.0.7-win32-x86_64\bin\management_ext.dll

dbghelp: loaded successfully - version: 4.0.5 - missing functions: none
symbol engine: initialized successfully - sym options: 0x614 - pdb path: .;c:\Users\Eisha Fatima\.vscode\extensions\redhat.java-1.19.0-win32-x64\jre\17.0.7-win32-x86_64\bin;C:\Windows\SYSTEM32;C:\Windows\WinSxS\amd64_microsoft.windows.common-controls_6595b64144ccf1df_6.0.19041.1110_none_60b5254171f9507e;c:\Users\Eisha Fatima\.vscode\extensions\redhat.java-1.19.0-win32-x64\jre\17.0.7-win32-x86_64\bin\server;C:\Users\Eisha Fatima\AppData\Roaming\Code\User\globalStorage\redhat.java\1.19.0\config_win\org.eclipse.equinox.launcher\org.eclipse.equinox.launcher.win32.win32.x86_64_1.2.700.v20221108-1024;C:\Users\Eisha Fatima\AppData\Local\Temp\jna--1819038756;C:\Users\Eisha Fatima\.gradle\native\e1d6ef7f7dcc3fd88c89a11ec53ec762bb8ba0a96d01ffa2cd45eb1d1d8dd5c5\windows-amd64

VM Arguments:
jvm_args: --add-modules=ALL-SYSTEM --add-opens=java.base/java.util=ALL-UNNAMED --add-opens=java.base/java.lang=ALL-UNNAMED --add-opens=java.base/sun.nio.fs=ALL-UNNAMED -Declipse.application=org.eclipse.jdt.ls.core.id1 -Dosgi.bundles.defaultStartLevel=4 -Declipse.product=org.eclipse.jdt.ls.core.product -Djava.import.generatesMetadataFilesAtProjectRoot=false -Dfile.encoding=utf8 -XX:+UseParallelGC -XX:GCTimeRatio=4 -XX:AdaptiveSizePolicyWeight=90 -Dsun.zip.disableMemoryMapping=true -Xmx1G -Xms100m -Xlog:disable -javaagent:c:\Users\Eisha Fatima\.vscode\extensions\redhat.java-1.19.0-win32-x64\lombok\lombok-1.18.28.jar -XX:+HeapDumpOnOutOfMemoryError -XX:HeapDumpPath=c:\Users\Eisha Fatima\AppData\Roaming\Code\User\workspaceStorage\c617cd766fcf671e1921f65a2a12f8b1\redhat.java -Daether.dependencyCollector.impl=bf 
java_command: c:\Users\Eisha Fatima\.vscode\extensions\redhat.java-1.19.0-win32-x64\server\plugins\org.eclipse.equinox.launcher_1.6.400.v20210924-0641.jar -configuration c:\Users\Eisha Fatima\AppData\Roaming\Code\User\globalStorage\redhat.java\1.19.0\config_win -data c:\Users\Eisha Fatima\AppData\Roaming\Code\User\workspaceStorage\c617cd766fcf671e1921f65a2a12f8b1\redhat.java\jdt_ws
java_class_path (initial): c:\Users\Eisha Fatima\.vscode\extensions\redhat.java-1.19.0-win32-x64\server\plugins\org.eclipse.equinox.launcher_1.6.400.v20210924-0641.jar
Launcher Type: SUN_STANDARD

[Global flags]
    uintx AdaptiveSizePolicyWeight                 = 90                                        {product} {command line}
     intx CICompilerCount                          = 3                                         {product} {ergonomic}
    uintx GCTimeRatio                              = 4                                         {product} {command line}
     bool HeapDumpOnOutOfMemoryError               = true                                   {manageable} {command line}
    ccstr HeapDumpPath                             = c:\Users\Eisha Fatima\AppData\Roaming\Code\User\workspaceStorage\c617cd766fcf671e1921f65a2a12f8b1\redhat.java         {manageable} {command line}
   size_t InitialHeapSize                          = 104857600                                 {product} {command line}
   size_t MaxHeapSize                              = 1073741824                                {product} {command line}
   size_t MaxNewSize                               = 357564416                                 {product} {ergonomic}
   size_t MinHeapDeltaBytes                        = 524288                                    {product} {ergonomic}
   size_t MinHeapSize                              = 104857600                                 {product} {command line}
   size_t NewSize                                  = 34603008                                  {product} {ergonomic}
    uintx NonNMethodCodeHeapSize                   = 5832780                                {pd product} {ergonomic}
    uintx NonProfiledCodeHeapSize                  = 122912730                              {pd product} {ergonomic}
   size_t OldSize                                  = 70254592                                  {product} {ergonomic}
    uintx ProfiledCodeHeapSize                     = 122912730                              {pd product} {ergonomic}
    uintx ReservedCodeCacheSize                    = 251658240                              {pd product} {ergonomic}
     bool SegmentedCodeCache                       = true                                      {product} {ergonomic}
   size_t SoftMaxHeapSize                          = 1073741824                             {manageable} {ergonomic}
     bool UseCompressedClassPointers               = true                           {product lp64_product} {ergonomic}
     bool UseCompressedOops                        = true                           {product lp64_product} {ergonomic}
     bool UseLargePagesIndividualAllocation        = false                                  {pd product} {ergonomic}
     bool UseParallelGC                            = true                                      {product} {command line}

Logging:
Log output configuration:
 #0: stdout all=off uptime,level,tags
 #1: stderr all=off uptime,level,tags

Environment Variables:
JAVA_HOME=C:\Program Files\Java\jdk-11
PATH=C:\Program Files\Common Files\Oracle\Java\javapath;C:\Users\Eisha Fatima\AppData\Local\Programs\Python\Python310\Scripts\;C:\Users\Eisha Fatima\AppData\Local\Programs\Python\Python310\;C:\Program Files (x86)\Common Files\Intel\Shared Libraries\redist\intel64\compiler;C:\Windows\system32;C:\Windows;C:\Windows\System32\Wbem;C:\Windows\System32\WindowsPowerShell\v1.0\;C:\Windows\System32\OpenSSH\;C:\Program Files\nodejs\;C:\ProgramData\chocolatey\bin;C:\ProgramData\ComposerSetup\bin;C:\Program Files\Git\cmd;E:\mimAR\360\Product-visualizer;C:\Program Files\PostgreSQL\15\bin;C:\Program Files\MySQL\MySQL Shell 8.0\bin\;C:\Users\Eisha Fatima\AppData\Local\Microsoft\WindowsApps;C:\Users\Eisha Fatima\AppData\Local\Programs\Microsoft VS Code\bin;C:\Users\Eisha Fatima\AppData\Roaming\npm;C:\php;C:\Program Files\MongoDB\Server\4.0\bin;C:\Users\Eisha Fatima\AppData\Roaming\Composer\vendor\bin;C:\Users\Eisha Fatima\AppData\Local\GitHubDesktop\bin;C:\Users\Eisha Fatima\AppData\Local\Android\Sdk\platform-tools;C:\Users\Eisha Fatima\AppData\Local\Android\Sdk\platform-tools;C:\Program Files\PostgreSQL\15\bin;
USERNAME=Eisha Fatima
OS=Windows_NT
PROCESSOR_IDENTIFIER=Intel64 Family 6 Model 69 Stepping 1, GenuineIntel
TMP=C:\Users\EISHAF~1\AppData\Local\Temp
TEMP=C:\Users\EISHAF~1\AppData\Local\Temp



---------------  S Y S T E M  ---------------

OS:
 Windows 10 , 64 bit Build 19041 (10.0.19041.2913)
OS uptime: 0 days 0:41 hours

CPU: total 4 (initial active 4) (2 cores per cpu, 2 threads per core) family 6 model 69 stepping 1 microcode 0x25, cx8, cmov, fxsr, ht, mmx, sse, sse2, sse3, ssse3, sse4.1, sse4.2, popcnt, lzcnt, tsc, tscinvbit, avx, avx2, aes, erms, clmul, bmi1, bmi2, fma, vzeroupper, clflush

Memory: 4k page, system-wide physical 8122M (335M free)
TotalPageFile size 10033M (AvailPageFile size 10M)
current process WorkingSet (physical memory assigned to process): 225M, peak: 226M
current process commit charge ("private bytes"): 280M, peak: 289M

vm_info: OpenJDK 64-Bit Server VM (17.0.7+7) for windows-amd64 JRE (17.0.7+7), built on Apr 18 2023 22:10:42 by "temurin" with MS VC++ 16.7 (VS2019)

END.
